The target system is: Arduino -  - 
The host system is: Linux - 3.16.0-44-generic - x86_64
Compiling the C compiler identification source file "CMakeCCompilerId.c" succeeded.
Compiler: /usr/bin/avr-gcc 
Build flags: 
Id flags: 

The output was:
0


Compilation of the C compiler identification source "CMakeCCompilerId.c" produced "a.out"

The C compiler identification is GNU, found in "/home/dcook/Development/zumo_leveling/build/CMakeFiles/2.8.12.2/CompilerIdC/a.out"

Compiling the CXX compiler identification source file "CMakeCXXCompilerId.cpp" succeeded.
Compiler: /usr/bin/avr-g++ 
Build flags: 
Id flags: 

The output was:
0


Compilation of the CXX compiler identification source "CMakeCXXCompilerId.cpp" produced "a.out"

The CXX compiler identification is GNU, found in "/home/dcook/Development/zumo_leveling/build/CMakeFiles/2.8.12.2/CompilerIdCXX/a.out"

Determining if the C compiler works passed with the following output:
Change Dir: /home/dcook/Development/zumo_leveling/build/CMakeFiles/CMakeTmp

Run Build Command:/usr/bin/make "cmTryCompileExec708130575/fast"
/usr/bin/make -f CMakeFiles/cmTryCompileExec708130575.dir/build.make CMakeFiles/cmTryCompileExec708130575.dir/build
make[1]: Entering directory '/home/dcook/Development/zumo_leveling/build/CMakeFiles/CMakeTmp'
/usr/bin/cmake -E cmake_progress_report /home/dcook/Development/zumo_leveling/build/CMakeFiles/CMakeTmp/CMakeFiles 1
Building C object CMakeFiles/cmTryCompileExec708130575.dir/testCCompiler.c.obj
/usr/bin/avr-gcc   -g -Os       -mcall-prologues -ffunction-sections -fdata-sections    -o CMakeFiles/cmTryCompileExec708130575.dir/testCCompiler.c.obj   -c /home/dcook/Development/zumo_leveling/build/CMakeFiles/CMakeTmp/testCCompiler.c
Linking C executable cmTryCompileExec708130575
/usr/bin/cmake -E cmake_link_script CMakeFiles/cmTryCompileExec708130575.dir/link.txt --verbose=1
/usr/bin/avr-gcc  -g -Os       -mcall-prologues -ffunction-sections -fdata-sections   -Wl,--gc-sections -lm CMakeFiles/cmTryCompileExec708130575.dir/testCCompiler.c.obj  -o cmTryCompileExec708130575  
make[1]: Leaving directory '/home/dcook/Development/zumo_leveling/build/CMakeFiles/CMakeTmp'


Detecting C compiler ABI info compiled with the following output:
Change Dir: /home/dcook/Development/zumo_leveling/build/CMakeFiles/CMakeTmp

Run Build Command:/usr/bin/make "cmTryCompileExec86437282/fast"
/usr/bin/make -f CMakeFiles/cmTryCompileExec86437282.dir/build.make CMakeFiles/cmTryCompileExec86437282.dir/build
make[1]: Entering directory '/home/dcook/Development/zumo_leveling/build/CMakeFiles/CMakeTmp'
/usr/bin/cmake -E cmake_progress_report /home/dcook/Development/zumo_leveling/build/CMakeFiles/CMakeTmp/CMakeFiles 1
Building C object CMakeFiles/cmTryCompileExec86437282.dir/CMakeCCompilerABI.c.obj
/usr/bin/avr-gcc   -g -Os       -mcall-prologues -ffunction-sections -fdata-sections    -o CMakeFiles/cmTryCompileExec86437282.dir/CMakeCCompilerABI.c.obj   -c /usr/share/cmake-2.8/Modules/CMakeCCompilerABI.c
Linking C executable cmTryCompileExec86437282
/usr/bin/cmake -E cmake_link_script CMakeFiles/cmTryCompileExec86437282.dir/link.txt --verbose=1
/usr/bin/avr-gcc  -g -Os       -mcall-prologues -ffunction-sections -fdata-sections   -v CMakeFiles/cmTryCompileExec86437282.dir/CMakeCCompilerABI.c.obj  -o cmTryCompileExec86437282   
Using built-in specs.
COLLECT_GCC=/usr/bin/avr-gcc
COLLECT_LTO_WRAPPER=/usr/lib/gcc/avr/4.8.1/lto-wrapper
Target: avr
Configured with: ../src/configure -v --enable-languages=c,c++ --prefix=/usr/lib --infodir=/usr/share/info --mandir=/usr/share/man --bindir=/usr/bin --libexecdir=/usr/lib --libdir=/usr/lib --enable-shared --with-system-zlib --enable-long-long --enable-nls --without-included-gettext --disable-libssp --build=x86_64-linux-gnu --host=x86_64-linux-gnu --target=avr
Thread model: single
gcc version 4.8.1 (GCC) 
COMPILER_PATH=/usr/lib/gcc/avr/4.8.1/:/usr/lib/gcc/avr/4.8.1/:/usr/lib/gcc/avr/:/usr/lib/gcc/avr/4.8.1/:/usr/lib/gcc/avr/:/usr/lib/gcc/avr/4.8.1/../../../avr/bin/
LIBRARY_PATH=/usr/lib/gcc/avr/4.8.1/:/usr/lib/gcc/avr/4.8.1/../../../avr/lib/
COLLECT_GCC_OPTIONS='-g' '-Os' '-mcall-prologues' '-ffunction-sections' '-fdata-sections' '-v' '-o' 'cmTryCompileExec86437282'
 /usr/lib/gcc/avr/4.8.1/collect2 -o cmTryCompileExec86437282 -L/usr/lib/gcc/avr/4.8.1 -L/usr/lib/gcc/avr/4.8.1/../../../avr/lib CMakeFiles/cmTryCompileExec86437282.dir/CMakeCCompilerABI.c.obj --start-group -lgcc -lm -lc --end-group
make[1]: Leaving directory '/home/dcook/Development/zumo_leveling/build/CMakeFiles/CMakeTmp'


Parsed C implicit link information from above output:
  link line regex: [^( *|.*[/\])(avr-ld|([^/\]+-)?ld|collect2)[^/\]*( |$)]
  ignore line: [Change Dir: /home/dcook/Development/zumo_leveling/build/CMakeFiles/CMakeTmp]
  ignore line: []
  ignore line: [Run Build Command:/usr/bin/make "cmTryCompileExec86437282/fast"]
  ignore line: [/usr/bin/make -f CMakeFiles/cmTryCompileExec86437282.dir/build.make CMakeFiles/cmTryCompileExec86437282.dir/build]
  ignore line: [make[1]: Entering directory '/home/dcook/Development/zumo_leveling/build/CMakeFiles/CMakeTmp']
  ignore line: [/usr/bin/cmake -E cmake_progress_report /home/dcook/Development/zumo_leveling/build/CMakeFiles/CMakeTmp/CMakeFiles 1]
  ignore line: [Building C object CMakeFiles/cmTryCompileExec86437282.dir/CMakeCCompilerABI.c.obj]
  ignore line: [/usr/bin/avr-gcc   -g -Os       -mcall-prologues -ffunction-sections -fdata-sections    -o CMakeFiles/cmTryCompileExec86437282.dir/CMakeCCompilerABI.c.obj   -c /usr/share/cmake-2.8/Modules/CMakeCCompilerABI.c]
  ignore line: [Linking C executable cmTryCompileExec86437282]
  ignore line: [/usr/bin/cmake -E cmake_link_script CMakeFiles/cmTryCompileExec86437282.dir/link.txt --verbose=1]
  ignore line: [/usr/bin/avr-gcc  -g -Os       -mcall-prologues -ffunction-sections -fdata-sections   -v CMakeFiles/cmTryCompileExec86437282.dir/CMakeCCompilerABI.c.obj  -o cmTryCompileExec86437282   ]
  ignore line: [Using built-in specs.]
  ignore line: [COLLECT_GCC=/usr/bin/avr-gcc]
  ignore line: [COLLECT_LTO_WRAPPER=/usr/lib/gcc/avr/4.8.1/lto-wrapper]
  ignore line: [Target: avr]
  ignore line: [Configured with: ../src/configure -v --enable-languages=c,c++ --prefix=/usr/lib --infodir=/usr/share/info --mandir=/usr/share/man --bindir=/usr/bin --libexecdir=/usr/lib --libdir=/usr/lib --enable-shared --with-system-zlib --enable-long-long --enable-nls --without-included-gettext --disable-libssp --build=x86_64-linux-gnu --host=x86_64-linux-gnu --target=avr]
  ignore line: [Thread model: single]
  ignore line: [gcc version 4.8.1 (GCC) ]
  ignore line: [COMPILER_PATH=/usr/lib/gcc/avr/4.8.1/:/usr/lib/gcc/avr/4.8.1/:/usr/lib/gcc/avr/:/usr/lib/gcc/avr/4.8.1/:/usr/lib/gcc/avr/:/usr/lib/gcc/avr/4.8.1/../../../avr/bin/]
  ignore line: [LIBRARY_PATH=/usr/lib/gcc/avr/4.8.1/:/usr/lib/gcc/avr/4.8.1/../../../avr/lib/]
  ignore line: [COLLECT_GCC_OPTIONS='-g' '-Os' '-mcall-prologues' '-ffunction-sections' '-fdata-sections' '-v' '-o' 'cmTryCompileExec86437282']
  link line: [ /usr/lib/gcc/avr/4.8.1/collect2 -o cmTryCompileExec86437282 -L/usr/lib/gcc/avr/4.8.1 -L/usr/lib/gcc/avr/4.8.1/../../../avr/lib CMakeFiles/cmTryCompileExec86437282.dir/CMakeCCompilerABI.c.obj --start-group -lgcc -lm -lc --end-group]
    arg [/usr/lib/gcc/avr/4.8.1/collect2] ==> ignore
    arg [-o] ==> ignore
    arg [cmTryCompileExec86437282] ==> ignore
    arg [-L/usr/lib/gcc/avr/4.8.1] ==> dir [/usr/lib/gcc/avr/4.8.1]
    arg [-L/usr/lib/gcc/avr/4.8.1/../../../avr/lib] ==> dir [/usr/lib/gcc/avr/4.8.1/../../../avr/lib]
    arg [CMakeFiles/cmTryCompileExec86437282.dir/CMakeCCompilerABI.c.obj] ==> ignore
    arg [--start-group] ==> ignore
    arg [-lgcc] ==> lib [gcc]
    arg [-lm] ==> lib [m]
    arg [-lc] ==> lib [c]
    arg [--end-group] ==> ignore
  remove lib [gcc]
  collapse library dir [/usr/lib/gcc/avr/4.8.1] ==> [/usr/lib/gcc/avr/4.8.1]
  collapse library dir [/usr/lib/gcc/avr/4.8.1/../../../avr/lib] ==> [/usr/lib/avr/lib]
  implicit libs: [m;c]
  implicit dirs: [/usr/lib/gcc/avr/4.8.1;/usr/lib/avr/lib]
  implicit fwks: []


Determining if the CXX compiler works passed with the following output:
Change Dir: /home/dcook/Development/zumo_leveling/build/CMakeFiles/CMakeTmp

Run Build Command:/usr/bin/make "cmTryCompileExec1754246783/fast"
/usr/bin/make -f CMakeFiles/cmTryCompileExec1754246783.dir/build.make CMakeFiles/cmTryCompileExec1754246783.dir/build
make[1]: Entering directory '/home/dcook/Development/zumo_leveling/build/CMakeFiles/CMakeTmp'
/usr/bin/cmake -E cmake_progress_report /home/dcook/Development/zumo_leveling/build/CMakeFiles/CMakeTmp/CMakeFiles 1
Building CXX object CMakeFiles/cmTryCompileExec1754246783.dir/testCXXCompiler.cxx.obj
/usr/bin/avr-g++    -g -Os       -mcall-prologues -ffunction-sections -fdata-sections -fno-exceptions    -o CMakeFiles/cmTryCompileExec1754246783.dir/testCXXCompiler.cxx.obj -c /home/dcook/Development/zumo_leveling/build/CMakeFiles/CMakeTmp/testCXXCompiler.cxx
Linking CXX executable cmTryCompileExec1754246783
/usr/bin/cmake -E cmake_link_script CMakeFiles/cmTryCompileExec1754246783.dir/link.txt --verbose=1
/usr/bin/avr-g++   -g -Os       -mcall-prologues -ffunction-sections -fdata-sections -fno-exceptions   -Wl,--gc-sections -lm CMakeFiles/cmTryCompileExec1754246783.dir/testCXXCompiler.cxx.obj  -o cmTryCompileExec1754246783  
make[1]: Leaving directory '/home/dcook/Development/zumo_leveling/build/CMakeFiles/CMakeTmp'


Detecting CXX compiler ABI info compiled with the following output:
Change Dir: /home/dcook/Development/zumo_leveling/build/CMakeFiles/CMakeTmp

Run Build Command:/usr/bin/make "cmTryCompileExec1582007975/fast"
/usr/bin/make -f CMakeFiles/cmTryCompileExec1582007975.dir/build.make CMakeFiles/cmTryCompileExec1582007975.dir/build
make[1]: Entering directory '/home/dcook/Development/zumo_leveling/build/CMakeFiles/CMakeTmp'
/usr/bin/cmake -E cmake_progress_report /home/dcook/Development/zumo_leveling/build/CMakeFiles/CMakeTmp/CMakeFiles 1
Building CXX object CMakeFiles/cmTryCompileExec1582007975.dir/CMakeCXXCompilerABI.cpp.obj
/usr/bin/avr-g++    -g -Os       -mcall-prologues -ffunction-sections -fdata-sections -fno-exceptions    -o CMakeFiles/cmTryCompileExec1582007975.dir/CMakeCXXCompilerABI.cpp.obj -c /usr/share/cmake-2.8/Modules/CMakeCXXCompilerABI.cpp
Linking CXX executable cmTryCompileExec1582007975
/usr/bin/cmake -E cmake_link_script CMakeFiles/cmTryCompileExec1582007975.dir/link.txt --verbose=1
/usr/bin/avr-g++   -g -Os       -mcall-prologues -ffunction-sections -fdata-sections -fno-exceptions   -v CMakeFiles/cmTryCompileExec1582007975.dir/CMakeCXXCompilerABI.cpp.obj  -o cmTryCompileExec1582007975   
Using built-in specs.
COLLECT_GCC=/usr/bin/avr-g++
COLLECT_LTO_WRAPPER=/usr/lib/gcc/avr/4.8.1/lto-wrapper
Target: avr
Configured with: ../src/configure -v --enable-languages=c,c++ --prefix=/usr/lib --infodir=/usr/share/info --mandir=/usr/share/man --bindir=/usr/bin --libexecdir=/usr/lib --libdir=/usr/lib --enable-shared --with-system-zlib --enable-long-long --enable-nls --without-included-gettext --disable-libssp --build=x86_64-linux-gnu --host=x86_64-linux-gnu --target=avr
Thread model: single
gcc version 4.8.1 (GCC) 
COMPILER_PATH=/usr/lib/gcc/avr/4.8.1/:/usr/lib/gcc/avr/4.8.1/:/usr/lib/gcc/avr/:/usr/lib/gcc/avr/4.8.1/:/usr/lib/gcc/avr/:/usr/lib/gcc/avr/4.8.1/../../../avr/bin/
LIBRARY_PATH=/usr/lib/gcc/avr/4.8.1/:/usr/lib/gcc/avr/4.8.1/../../../avr/lib/
COLLECT_GCC_OPTIONS='-g' '-Os' '-mcall-prologues' '-ffunction-sections' '-fdata-sections' '-fno-exceptions' '-v' '-o' 'cmTryCompileExec1582007975'
 /usr/lib/gcc/avr/4.8.1/collect2 -o cmTryCompileExec1582007975 -L/usr/lib/gcc/avr/4.8.1 -L/usr/lib/gcc/avr/4.8.1/../../../avr/lib CMakeFiles/cmTryCompileExec1582007975.dir/CMakeCXXCompilerABI.cpp.obj -lgcc -lm --start-group -lgcc -lm -lc --end-group
make[1]: Leaving directory '/home/dcook/Development/zumo_leveling/build/CMakeFiles/CMakeTmp'


Parsed CXX implicit link information from above output:
  link line regex: [^( *|.*[/\])(avr-ld|([^/\]+-)?ld|collect2)[^/\]*( |$)]
  ignore line: [Change Dir: /home/dcook/Development/zumo_leveling/build/CMakeFiles/CMakeTmp]
  ignore line: []
  ignore line: [Run Build Command:/usr/bin/make "cmTryCompileExec1582007975/fast"]
  ignore line: [/usr/bin/make -f CMakeFiles/cmTryCompileExec1582007975.dir/build.make CMakeFiles/cmTryCompileExec1582007975.dir/build]
  ignore line: [make[1]: Entering directory '/home/dcook/Development/zumo_leveling/build/CMakeFiles/CMakeTmp']
  ignore line: [/usr/bin/cmake -E cmake_progress_report /home/dcook/Development/zumo_leveling/build/CMakeFiles/CMakeTmp/CMakeFiles 1]
  ignore line: [Building CXX object CMakeFiles/cmTryCompileExec1582007975.dir/CMakeCXXCompilerABI.cpp.obj]
  ignore line: [/usr/bin/avr-g++    -g -Os       -mcall-prologues -ffunction-sections -fdata-sections -fno-exceptions    -o CMakeFiles/cmTryCompileExec1582007975.dir/CMakeCXXCompilerABI.cpp.obj -c /usr/share/cmake-2.8/Modules/CMakeCXXCompilerABI.cpp]
  ignore line: [Linking CXX executable cmTryCompileExec1582007975]
  ignore line: [/usr/bin/cmake -E cmake_link_script CMakeFiles/cmTryCompileExec1582007975.dir/link.txt --verbose=1]
  ignore line: [/usr/bin/avr-g++   -g -Os       -mcall-prologues -ffunction-sections -fdata-sections -fno-exceptions   -v CMakeFiles/cmTryCompileExec1582007975.dir/CMakeCXXCompilerABI.cpp.obj  -o cmTryCompileExec1582007975   ]
  ignore line: [Using built-in specs.]
  ignore line: [COLLECT_GCC=/usr/bin/avr-g++]
  ignore line: [COLLECT_LTO_WRAPPER=/usr/lib/gcc/avr/4.8.1/lto-wrapper]
  ignore line: [Target: avr]
  ignore line: [Configured with: ../src/configure -v --enable-languages=c,c++ --prefix=/usr/lib --infodir=/usr/share/info --mandir=/usr/share/man --bindir=/usr/bin --libexecdir=/usr/lib --libdir=/usr/lib --enable-shared --with-system-zlib --enable-long-long --enable-nls --without-included-gettext --disable-libssp --build=x86_64-linux-gnu --host=x86_64-linux-gnu --target=avr]
  ignore line: [Thread model: single]
  ignore line: [gcc version 4.8.1 (GCC) ]
  ignore line: [COMPILER_PATH=/usr/lib/gcc/avr/4.8.1/:/usr/lib/gcc/avr/4.8.1/:/usr/lib/gcc/avr/:/usr/lib/gcc/avr/4.8.1/:/usr/lib/gcc/avr/:/usr/lib/gcc/avr/4.8.1/../../../avr/bin/]
  ignore line: [LIBRARY_PATH=/usr/lib/gcc/avr/4.8.1/:/usr/lib/gcc/avr/4.8.1/../../../avr/lib/]
  ignore line: [COLLECT_GCC_OPTIONS='-g' '-Os' '-mcall-prologues' '-ffunction-sections' '-fdata-sections' '-fno-exceptions' '-v' '-o' 'cmTryCompileExec1582007975']
  link line: [ /usr/lib/gcc/avr/4.8.1/collect2 -o cmTryCompileExec1582007975 -L/usr/lib/gcc/avr/4.8.1 -L/usr/lib/gcc/avr/4.8.1/../../../avr/lib CMakeFiles/cmTryCompileExec1582007975.dir/CMakeCXXCompilerABI.cpp.obj -lgcc -lm --start-group -lgcc -lm -lc --end-group]
    arg [/usr/lib/gcc/avr/4.8.1/collect2] ==> ignore
    arg [-o] ==> ignore
    arg [cmTryCompileExec1582007975] ==> ignore
    arg [-L/usr/lib/gcc/avr/4.8.1] ==> dir [/usr/lib/gcc/avr/4.8.1]
    arg [-L/usr/lib/gcc/avr/4.8.1/../../../avr/lib] ==> dir [/usr/lib/gcc/avr/4.8.1/../../../avr/lib]
    arg [CMakeFiles/cmTryCompileExec1582007975.dir/CMakeCXXCompilerABI.cpp.obj] ==> ignore
    arg [-lgcc] ==> lib [gcc]
    arg [-lm] ==> lib [m]
    arg [--start-group] ==> ignore
    arg [-lgcc] ==> lib [gcc]
    arg [-lm] ==> lib [m]
    arg [-lc] ==> lib [c]
    arg [--end-group] ==> ignore
  remove lib [gcc]
  remove lib [gcc]
  collapse library dir [/usr/lib/gcc/avr/4.8.1] ==> [/usr/lib/gcc/avr/4.8.1]
  collapse library dir [/usr/lib/gcc/avr/4.8.1/../../../avr/lib] ==> [/usr/lib/avr/lib]
  implicit libs: [m;m;c]
  implicit dirs: [/usr/lib/gcc/avr/4.8.1;/usr/lib/avr/lib]
  implicit fwks: []


